<?xml version="1.0" encoding="UTF-8"?>
<testng-results ignored="0" total="1" passed="1" failed="0" skipped="0">
  <reporter-output>
  </reporter-output>
  <suite started-at="2022-09-19T12:57:36 IST" name="Default suite" finished-at="2022-09-19T12:57:58 IST" duration-ms="22282">
    <groups>
    </groups>
    <test started-at="2022-09-19T12:57:36 IST" name="Default test" finished-at="2022-09-19T12:57:58 IST" duration-ms="22282">
      <class name="com.inetbsnking.testcases.TC_1_Login">
        <test-method is-config="true" signature="Setup()[pri:0, instance:com.inetbsnking.testcases.TC_1_Login@1a942c18]" started-at="2022-09-19T12:57:36 IST" name="Setup" finished-at="2022-09-19T12:57:49 IST" duration-ms="12333" status="PASS">
          <reporter-output>
          </reporter-output>
        </test-method> <!-- Setup -->
        <test-method signature="LoginTest()[pri:0, instance:com.inetbsnking.testcases.TC_1_Login@1a942c18]" started-at="2022-09-19T12:57:49 IST" name="LoginTest" finished-at="2022-09-19T12:57:57 IST" duration-ms="8000" status="PASS">
          <reporter-output>
          </reporter-output>
        </test-method> <!-- LoginTest -->
        <test-method is-config="true" signature="tearDown()[pri:0, instance:com.inetbsnking.testcases.TC_1_Login@1a942c18]" started-at="2022-09-19T12:57:57 IST" name="tearDown" finished-at="2022-09-19T12:57:58 IST" duration-ms="1720" status="PASS">
          <reporter-output>
          </reporter-output>
        </test-method> <!-- tearDown -->
      </class> <!-- com.inetbsnking.testcases.TC_1_Login -->
    </test> <!-- Default test -->
  </suite> <!-- Default suite -->
</testng-results>
